<?xml version="1.0" encoding="UTF-8"?>
<!-- Generated by org.testng.reporters.JUnitReportReporter -->
<testsuite hostname="DESKTOP-2336HU1" failures="0" tests="1" name="com.exelenter.testcases.LoginTest" time="7.241" errors="0" timestamp="2023-03-01T19:48:10 TRT" skipped="0">
  <testcase classname="com.exelenter.testcases.LoginTest" name="validAdminLogin" time="7.241"/>
  <system-out/>
</testsuite> <!-- com.exelenter.testcases.LoginTest -->
