<?xml version="1.0" encoding="UTF-8"?>
<!-- Generated by org.testng.reporters.JUnitReportReporter -->
<testsuite hostname="DESKTOP-2336HU1" failures="0" tests="4" name="com.exelenter.testcases.AddEmployeeFromExcel" time="70.802" errors="0" timestamp="2023-03-01T11:33:06 TRT" skipped="0">
  <testcase classname="com.exelenter.testcases.AddEmployeeFromExcel" name="addEmployeeTest" time="17.313"/>
  <system-out/>
  <testcase classname="com.exelenter.testcases.AddEmployeeFromExcel" name="addEmployeeTest" time="18.531"/>
  <system-out/>
  <testcase classname="com.exelenter.testcases.AddEmployeeFromExcel" name="addEmployeeTest" time="16.850"/>
  <system-out/>
  <testcase classname="com.exelenter.testcases.AddEmployeeFromExcel" name="addEmployeeTest" time="18.108"/>
  <system-out/>
</testsuite> <!-- com.exelenter.testcases.AddEmployeeFromExcel -->
