<?xml version="1.0" encoding="UTF-8"?>
<!-- Generated by org.testng.reporters.JUnitReportReporter -->
<testsuite hostname="DESKTOP-2336HU1" failures="0" tests="1" name="com.exelenter.testcases.AddEmployeeTest" time="31.986" errors="0" timestamp="2023-02-28T04:48:29 TRT" skipped="0">
  <testcase classname="com.exelenter.testcases.AddEmployeeTest" name="addEmployeeTest" time="31.986"/>
  <system-out/>
</testsuite> <!-- com.exelenter.testcases.AddEmployeeTest -->
