<?xml version="1.0" encoding="UTF-8"?>
<!-- Generated by org.testng.reporters.JUnitReportReporter -->
<testsuite hostname="DESKTOP-2336HU1" failures="0" tests="8" name="com.exelenter.testcases.LoginTestNegative" time="44.579" errors="0" timestamp="2023-03-01T11:30:38 TRT" skipped="0">
  <testcase classname="com.exelenter.testcases.LoginTestNegative" name="userLogin" time="5.475"/>
  <system-out/>
  <testcase classname="com.exelenter.testcases.LoginTestNegative" name="userLogin" time="5.008"/>
  <system-out/>
  <testcase classname="com.exelenter.testcases.LoginTestNegative" name="userLogin" time="5.303"/>
  <system-out/>
  <testcase classname="com.exelenter.testcases.LoginTestNegative" name="userLogin" time="5.886"/>
  <system-out/>
  <testcase classname="com.exelenter.testcases.LoginTestNegative" name="userLogin" time="5.041"/>
  <system-out/>
  <testcase classname="com.exelenter.testcases.LoginTestNegative" name="userLogin" time="6.153"/>
  <system-out/>
  <testcase classname="com.exelenter.testcases.LoginTestNegative" name="userLogin" time="6.352"/>
  <system-out/>
  <testcase classname="com.exelenter.testcases.LoginTestNegative" name="userLogin" time="5.361"/>
  <system-out/>
</testsuite> <!-- com.exelenter.testcases.LoginTestNegative -->
