<?xml version="1.0" encoding="UTF-8"?>
<!-- Generated by org.testng.reporters.JUnitReportReporter -->
<testsuite hostname="DESKTOP-2336HU1" failures="0" tests="6" name="com.exelenter.testcases.LoginTest" time="43.349" errors="0" timestamp="2023-03-01T20:32:42 TRT" skipped="0">
  <testcase classname="com.exelenter.testcases.LoginTest" name="validUserEmptyPassword" time="7.501"/>
  <system-out/>
  <testcase classname="com.exelenter.testcases.LoginTest" name="validUserInvalidPassword" time="8.202"/>
  <system-out/>
  <testcase classname="com.exelenter.testcases.LoginTest" name="validAdminLogin" time="6.935"/>
  <system-out/>
  <testcase classname="com.exelenter.testcases.LoginTest" name="validUserEmptyPassword" time="5.208"/>
  <system-out/>
  <testcase classname="com.exelenter.testcases.LoginTest" name="validAdminLogin" time="8.563"/>
  <system-out/>
  <testcase classname="com.exelenter.testcases.LoginTest" name="validUserInvalidPassword" time="6.940"/>
  <system-out/>
</testsuite> <!-- com.exelenter.testcases.LoginTest -->
