<?xml version="1.0" encoding="UTF-8"?>
<!-- Generated by org.testng.reporters.JUnitReportReporter -->
<testsuite hostname="DESKTOP-2336HU1" failures="0" tests="8" name="com.exelenter.testcases.LoginTestNegative" time="48.634" errors="0" timestamp="2023-03-01T20:32:42 TRT" skipped="0">
  <testcase classname="com.exelenter.testcases.LoginTestNegative" name="userLogin" time="5.214"/>
  <system-out/>
  <testcase classname="com.exelenter.testcases.LoginTestNegative" name="userLogin" time="5.864"/>
  <system-out/>
  <testcase classname="com.exelenter.testcases.LoginTestNegative" name="userLogin" time="6.129"/>
  <system-out/>
  <testcase classname="com.exelenter.testcases.LoginTestNegative" name="userLogin" time="6.132"/>
  <system-out/>
  <testcase classname="com.exelenter.testcases.LoginTestNegative" name="userLogin" time="6.245"/>
  <system-out/>
  <testcase classname="com.exelenter.testcases.LoginTestNegative" name="userLogin" time="6.696"/>
  <system-out/>
  <testcase classname="com.exelenter.testcases.LoginTestNegative" name="userLogin" time="5.989"/>
  <system-out/>
  <testcase classname="com.exelenter.testcases.LoginTestNegative" name="userLogin" time="6.365"/>
  <system-out/>
</testsuite> <!-- com.exelenter.testcases.LoginTestNegative -->
